{
  "uid" : "f9e18d63f7c1e99e",
  "name" : "Always failed TEST",
  "fullName" : "alwaysFailedTest.story: Always failed TEST",
  "historyId" : "FCA2127C08C80B7AE9887859FCE0C470",
  "time" : {
    "start" : 1537116735628,
    "stop" : 1537116735784,
    "duration" : 156
  },
  "descriptionHtml" : "As a <br>I want to <br>So that ",
  "status" : "failed",
  "statusMessage" : "java.lang.AssertionError: true is .... false?\nExpected: <false>\n     but: was <true>",
  "statusTrace" : "org.jbehave.core.failures.UUIDExceptionWrapper: Then test suddenly failed...\n\tat org.jbehave.core.steps.StepCreator$ParameterisedStep.perform(StepCreator.java:583)\n\tat org.jbehave.core.embedder.StoryRunner$FineSoFar.run(StoryRunner.java:533)\n\tat org.jbehave.core.embedder.StoryRunner.runStepsWhileKeepingState(StoryRunner.java:513)\n\tat org.jbehave.core.embedder.StoryRunner.runScenarioSteps(StoryRunner.java:477)\n\tat org.jbehave.core.embedder.StoryRunner.runCancellable(StoryRunner.java:308)\n\tat org.jbehave.core.embedder.StoryRunner.run(StoryRunner.java:220)\n\tat org.jbehave.core.embedder.StoryRunner.run(StoryRunner.java:181)\n\tat org.jbehave.core.embedder.StoryManager$EnqueuedStory.call(StoryManager.java:235)\n\tat org.jbehave.core.embedder.StoryManager$EnqueuedStory.call(StoryManager.java:207)\n\tat java.util.concurrent.FutureTask.run(FutureTask.java:266)\n\tat java.util.concurrent.ThreadPoolExecutor.runWorker(ThreadPoolExecutor.java:1149)\n\tat java.util.concurrent.ThreadPoolExecutor$Worker.run(ThreadPoolExecutor.java:624)\n\tat java.lang.Thread.run(Thread.java:748)\nCaused by: java.lang.AssertionError: true is .... false?\nExpected: <false>\n     but: was <true>\n\tat org.hamcrest.MatcherAssert.assertThat(MatcherAssert.java:20)\n\tat org.junit.Assert.assertThat(Assert.java:956)\n\tat jbehave.steps.BasicSteps.testSuddenlyFailed(BasicSteps.java:38)\n\tat sun.reflect.NativeMethodAccessorImpl.invoke0(Native Method)\n\tat sun.reflect.NativeMethodAccessorImpl.invoke(NativeMethodAccessorImpl.java:62)\n\tat sun.reflect.DelegatingMethodAccessorImpl.invoke(DelegatingMethodAccessorImpl.java:43)\n\tat java.lang.reflect.Method.invoke(Method.java:498)\n\tat org.jbehave.core.steps.StepCreator$ParameterisedStep.perform(StepCreator.java:569)\n\t... 12 more\n",
  "flaky" : false,
  "beforeStages" : [ ],
  "testStage" : {
    "status" : "failed",
    "statusMessage" : "java.lang.AssertionError: true is .... false?\nExpected: <false>\n     but: was <true>",
    "statusTrace" : "org.jbehave.core.failures.UUIDExceptionWrapper: Then test suddenly failed...\n\tat org.jbehave.core.steps.StepCreator$ParameterisedStep.perform(StepCreator.java:583)\n\tat org.jbehave.core.embedder.StoryRunner$FineSoFar.run(StoryRunner.java:533)\n\tat org.jbehave.core.embedder.StoryRunner.runStepsWhileKeepingState(StoryRunner.java:513)\n\tat org.jbehave.core.embedder.StoryRunner.runScenarioSteps(StoryRunner.java:477)\n\tat org.jbehave.core.embedder.StoryRunner.runCancellable(StoryRunner.java:308)\n\tat org.jbehave.core.embedder.StoryRunner.run(StoryRunner.java:220)\n\tat org.jbehave.core.embedder.StoryRunner.run(StoryRunner.java:181)\n\tat org.jbehave.core.embedder.StoryManager$EnqueuedStory.call(StoryManager.java:235)\n\tat org.jbehave.core.embedder.StoryManager$EnqueuedStory.call(StoryManager.java:207)\n\tat java.util.concurrent.FutureTask.run(FutureTask.java:266)\n\tat java.util.concurrent.ThreadPoolExecutor.runWorker(ThreadPoolExecutor.java:1149)\n\tat java.util.concurrent.ThreadPoolExecutor$Worker.run(ThreadPoolExecutor.java:624)\n\tat java.lang.Thread.run(Thread.java:748)\nCaused by: java.lang.AssertionError: true is .... false?\nExpected: <false>\n     but: was <true>\n\tat org.hamcrest.MatcherAssert.assertThat(MatcherAssert.java:20)\n\tat org.junit.Assert.assertThat(Assert.java:956)\n\tat jbehave.steps.BasicSteps.testSuddenlyFailed(BasicSteps.java:38)\n\tat sun.reflect.NativeMethodAccessorImpl.invoke0(Native Method)\n\tat sun.reflect.NativeMethodAccessorImpl.invoke(NativeMethodAccessorImpl.java:62)\n\tat sun.reflect.DelegatingMethodAccessorImpl.invoke(DelegatingMethodAccessorImpl.java:43)\n\tat java.lang.reflect.Method.invoke(Method.java:498)\n\tat org.jbehave.core.steps.StepCreator$ParameterisedStep.perform(StepCreator.java:569)\n\t... 12 more\n",
    "steps" : [ {
      "name" : "Given a Calculator",
      "time" : {
        "start" : 1537116735668,
        "stop" : 1537116735710,
        "duration" : 42
      },
      "status" : "passed",
      "steps" : [ ],
      "attachments" : [ ],
      "parameters" : [ ],
      "stepsCount" : 0,
      "attachmentsCount" : 0,
      "shouldDisplayMessage" : false,
      "hasContent" : false
    }, {
      "name" : "When I increment 4 with 1",
      "time" : {
        "start" : 1537116735721,
        "stop" : 1537116735728,
        "duration" : 7
      },
      "status" : "passed",
      "steps" : [ ],
      "attachments" : [ ],
      "parameters" : [ ],
      "stepsCount" : 0,
      "attachmentsCount" : 0,
      "shouldDisplayMessage" : false,
      "hasContent" : false
    }, {
      "name" : "Then test suddenly failed...",
      "time" : {
        "start" : 1537116735728,
        "stop" : 1537116735746,
        "duration" : 18
      },
      "status" : "failed",
      "steps" : [ ],
      "attachments" : [ ],
      "parameters" : [ ],
      "stepsCount" : 0,
      "attachmentsCount" : 0,
      "shouldDisplayMessage" : false,
      "hasContent" : false
    } ],
    "attachments" : [ ],
    "parameters" : [ ],
    "stepsCount" : 3,
    "attachmentsCount" : 0,
    "shouldDisplayMessage" : true,
    "hasContent" : true
  },
  "afterStages" : [ ],
  "labels" : [ {
    "name" : "host",
    "value" : "gcedeploy"
  }, {
    "name" : "thread",
    "value" : "3016@gcedeploy.pool-1-thread-1(9)"
  }, {
    "name" : "suite",
    "value" : "alwaysFailedTest.story"
  }, {
    "name" : "resultFormat",
    "value" : "allure2"
  } ],
  "parameters" : [ {
    "name" : "someParamName",
    "value" : "someParamValue"
  } ],
  "links" : [ ],
  "hidden" : false,
  "retry" : false,
  "extra" : {
    "severity" : "normal",
    "retries" : [ ],
    "categories" : [ {
      "name" : "Product defects",
      "matchedStatuses" : [ ],
      "flaky" : false
    } ],
    "history" : {
      "statistic" : {
        "failed" : 3,
        "broken" : 0,
        "skipped" : 0,
        "passed" : 0,
        "unknown" : 0,
        "total" : 3
      },
      "items" : [ {
        "uid" : "39ee1ab4eb5950c",
        "status" : "failed",
        "statusDetails" : "java.lang.AssertionError: true is .... false?\nExpected: <false>\n     but: was <true>",
        "time" : {
          "start" : 1537115479558,
          "stop" : 1537115479723,
          "duration" : 165
        }
      }, {
        "uid" : "1a9a1cbe8d9d1773",
        "status" : "failed",
        "statusDetails" : "java.lang.AssertionError: true is .... false?\nExpected: <false>\n     but: was <true>",
        "time" : {
          "start" : 1537105455498,
          "stop" : 1537105455646,
          "duration" : 148
        }
      } ]
    },
    "tags" : [ ]
  },
  "source" : "f9e18d63f7c1e99e.json",
  "parameterValues" : [ "someParamValue" ]
}